#
# There is insufficient memory for the Java Runtime Environment to continue.
# Native memory allocation (malloc) failed to allocate 67108864 bytes for committing reserved memory.
# Possible reasons:
#   The system is out of physical RAM or swap space
#   In 32 bit mode, the process size limit was hit
# Possible solutions:
#   Reduce memory load on the system
#   Increase physical memory or swap space
#   Check if swap backing store is full
#   Use 64 bit Java on a 64 bit OS
#   Decrease Java heap size (-Xmx/-Xms)
#   Decrease number of Java threads
#   Decrease Java thread stack sizes (-Xss)
#   Set larger code cache with -XX:ReservedCodeCacheSize=
# This output file may be truncated or incomplete.
#
#  Out of Memory Error (os_linux.cpp:2756), pid=9312, tid=140326380951296
#
# JRE version: Java(TM) SE Runtime Environment (7.0_80-b15) (build 1.7.0_80-b15)
# Java VM: Java HotSpot(TM) 64-Bit Server VM (24.80-b11 mixed mode linux-amd64 compressed oops)
# Failed to write core dump. Core dumps have been disabled. To enable core dumping, try "ulimit -c unlimited" before starting Java again
#

---------------  T H R E A D  ---------------

Current thread (0x00007fa04c06a000):  VMThread [stack: 0x00007fa04806d000,0x00007fa04816e000] [id=9320]

Stack: [0x00007fa04806d000,0x00007fa04816e000],  sp=0x00007fa04816c140,  free space=1020k
Native frames: (J=compiled Java code, j=interpreted, Vv=VM code, C=native code)
V  [libjvm.so+0x9a320a]  VMError::report_and_die()+0x2ea
V  [libjvm.so+0x498d3b]  report_vm_out_of_memory(char const*, int, unsigned long, char const*)+0x9b
V  [libjvm.so+0x82191e]  os::Linux::commit_memory_impl(char*, unsigned long, bool)+0xfe
V  [libjvm.so+0x821e69]  os::pd_commit_memory(char*, unsigned long, unsigned long, bool)+0x29
V  [libjvm.so+0x81bb6a]  os::commit_memory(char*, unsigned long, unsigned long, bool)+0x2a
V  [libjvm.so+0x88d623]  PSVirtualSpace::expand_by(unsigned long)+0x53
V  [libjvm.so+0x88e9f8]  PSYoungGen::resize_generation(unsigned long, unsigned long)+0xf8
V  [libjvm.so+0x88db62]  PSYoungGen::resize(unsigned long, unsigned long)+0x22
V  [libjvm.so+0x88af1d]  PSScavenge::invoke_no_policy()+0xf3d
V  [libjvm.so+0x88b761]  PSScavenge::invoke()+0x41
V  [libjvm.so+0x843f40]  ParallelScavengeHeap::failed_mem_allocate(unsigned long)+0x70
V  [libjvm.so+0x9a4a97]  VM_ParallelGCFailedAllocation::doit()+0x97
V  [libjvm.so+0x9abf35]  VM_Operation::evaluate()+0x55
V  [libjvm.so+0x9aa2fa]  VMThread::evaluate_operation(VM_Operation*)+0xba
V  [libjvm.so+0x9aa67e]  VMThread::loop()+0x1ce
V  [libjvm.so+0x9aaaf0]  VMThread::run()+0x70
V  [libjvm.so+0x8238c8]  java_start(Thread*)+0x108

VM_Operation (0x00007fa053c0cc90): ParallelGCFailedAllocation, mode: safepoint, requested by thread 0x00007fa04c00a000


---------------  P R O C E S S  ---------------

Java Threads: ( => current thread )
  0x00007fa04c099800 JavaThread "Service Thread" daemon [_thread_blocked, id=9326, stack(0x00007fa0414a0000,0x00007fa0415a1000)]
  0x00007fa04c097000 JavaThread "C2 CompilerThread1" daemon [_thread_blocked, id=9325, stack(0x00007fa0415a1000,0x00007fa0416a2000)]
  0x00007fa04c094000 JavaThread "C2 CompilerThread0" daemon [_thread_blocked, id=9324, stack(0x00007fa0416a2000,0x00007fa0417a3000)]
  0x00007fa04c092000 JavaThread "Signal Dispatcher" daemon [_thread_blocked, id=9323, stack(0x00007fa0417a3000,0x00007fa0418a4000)]
  0x00007fa04c070000 JavaThread "Finalizer" daemon [_thread_blocked, id=9322, stack(0x00007fa041b6e000,0x00007fa041c6f000)]
  0x00007fa04c06e000 JavaThread "Reference Handler" daemon [_thread_blocked, id=9321, stack(0x00007fa041c6f000,0x00007fa041d70000)]
  0x00007fa04c00a000 JavaThread "main" [_thread_blocked, id=9313, stack(0x00007fa053b0e000,0x00007fa053c0f000)]

Other Threads:
=>0x00007fa04c06a000 VMThread [stack: 0x00007fa04806d000,0x00007fa04816e000] [id=9320]
  0x00007fa04c0ac000 WatcherThread [stack: 0x00007fa04139f000,0x00007fa0414a0000] [id=9327]

VM state:at safepoint (normal execution)

VM Mutex/Monitor currently owned by a thread:  ([mutex/lock_event])
[0x00007fa04c006590] Threads_lock - owner thread: 0x00007fa04c06a000
[0x00007fa04c006a90] Heap_lock - owner thread: 0x00007fa04c00a000

Heap
 PSYoungGen      total 69632K, used 9700K [0x00000000eaa80000, 0x00000000ef980000, 0x0000000100000000)
  eden space 59904K, 0% used [0x00000000eaa80000,0x00000000eaa80000,0x00000000ee500000)
  from space 9728K, 99% used [0x00000000ee500000,0x00000000eee793a8,0x00000000eee80000)
  to   space 8192K, 0% used [0x00000000eee80000,0x00000000eee80000,0x00000000ef680000)
 ParOldGen       total 39936K, used 18957K [0x00000000c0000000, 0x00000000c2700000, 0x00000000eaa80000)
  object space 39936K, 47% used [0x00000000c0000000,0x00000000c1283638,0x00000000c2700000)
 PSPermGen       total 21504K, used 5541K [0x00000000bae00000, 0x00000000bc300000, 0x00000000c0000000)
  object space 21504K, 25% used [0x00000000bae00000,0x00000000bb369770,0x00000000bc300000)

Card table byte_map: [0x00007fa050bd8000,0x00007fa050e02000] byte_map_base: 0x00007fa050601000

Polling page: 0x00007fa053c32000

Code Cache  [0x00007fa049000000, 0x00007fa049270000, 0x00007fa04c000000)
 total_blobs=699 nmethods=473 adapters=180 free_code_cache=47276Kb largest_free_block=48380864

Compilation events (10 events):
Event: 18.342 Thread 0x00007fa04c094000 nmethod 481 0x00007fa0491d5690 code [0x00007fa0491d5800, 0x00007fa0491d5b88]
Event: 18.342 Thread 0x00007fa04c094000  484             com.android.dx.rop.type.Type::getFrameType (5 bytes)
Event: 18.351 Thread 0x00007fa04c094000 nmethod 484 0x00007fa0490ea710 code [0x00007fa0490ea840, 0x00007fa0490ea8b8]
Event: 18.351 Thread 0x00007fa04c094000  485             com.android.dx.rop.type.Type::getFrameType (58 bytes)
Event: 18.352 Thread 0x00007fa04c094000 nmethod 485 0x00007fa0491b8c90 code [0x00007fa0491b8dc0, 0x00007fa0491b8e38]
Event: 18.352 Thread 0x00007fa04c094000  486   !         com.android.dx.cf.code.Ropper::processBlock (1101 bytes)
Event: 18.359 Thread 0x00007fa04c097000 nmethod 483 0x00007fa0491d4990 code [0x00007fa0491d4b20, 0x00007fa0491d5218]
Event: 18.359 Thread 0x00007fa04c097000  487             com.android.dx.rop.code.BasicBlockList$RegCountVisitor::visitThrowingCstInsn (6 bytes)
Event: 18.367 Thread 0x00007fa04c097000 nmethod 487 0x00007fa0491b1dd0 code [0x00007fa0491b1f40, 0x00007fa0491b2218]
Event: 18.367 Thread 0x00007fa04c097000  488             com.android.dx.ssa.SCCP::simulateStmt (481 bytes)

GC Heap History (10 events):
Event: 3.589 GC heap after
Heap after GC invocations=2 (full 0):
 PSYoungGen      total 17920K, used 2551K [0x00000000eaa80000, 0x00000000ebe80000, 0x0000000100000000)
  eden space 15360K, 0% used [0x00000000eaa80000,0x00000000eaa80000,0x00000000eb980000)
  from space 2560K, 99% used [0x00000000ebc00000,0x00000000ebe7dc70,0x00000000ebe80000)
  to   space 2560K, 0% used [0x00000000eb980000,0x00000000eb980000,0x00000000ebc00000)
 ParOldGen       total 39936K, used 3402K [0x00000000c0000000, 0x00000000c2700000, 0x00000000eaa80000)
  object space 39936K, 8% used [0x00000000c0000000,0x00000000c0352930,0x00000000c2700000)
 PSPermGen       total 21504K, used 5418K [0x00000000bae00000, 0x00000000bc300000, 0x00000000c0000000)
  object space 21504K, 25% used [0x00000000bae00000,0x00000000bb34a8c8,0x00000000bc300000)
}
Event: 5.146 GC heap before
{Heap before GC invocations=3 (full 0):
 PSYoungGen      total 17920K, used 17911K [0x00000000eaa80000, 0x00000000ebe80000, 0x0000000100000000)
  eden space 15360K, 100% used [0x00000000eaa80000,0x00000000eb980000,0x00000000eb980000)
  from space 2560K, 99% used [0x00000000ebc00000,0x00000000ebe7dc70,0x00000000ebe80000)
  to   space 2560K, 0% used [0x00000000eb980000,0x00000000eb980000,0x00000000ebc00000)
 ParOldGen       total 39936K, used 3402K [0x00000000c0000000, 0x00000000c2700000, 0x00000000eaa80000)
  object space 39936K, 8% used [0x00000000c0000000,0x00000000c0352930,0x00000000c2700000)
 PSPermGen       total 21504K, used 5479K [0x00000000bae00000, 0x00000000bc300000, 0x00000000c0000000)
  object space 21504K, 25% used [0x00000000bae00000,0x00000000bb359c58,0x00000000bc300000)
Event: 5.188 GC heap after
Heap after GC invocations=3 (full 0):
 PSYoungGen      total 17920K, used 2538K [0x00000000eaa80000, 0x00000000ecd80000, 0x0000000100000000)
  eden space 15360K, 0% used [0x00000000eaa80000,0x00000000eaa80000,0x00000000eb980000)
  from space 2560K, 99% used [0x00000000eb980000,0x00000000ebbfaaa0,0x00000000ebc00000)
  to   space 2560K, 0% used [0x00000000ecb00000,0x00000000ecb00000,0x00000000ecd80000)
 ParOldGen       total 39936K, used 5099K [0x00000000c0000000, 0x00000000c2700000, 0x00000000eaa80000)
  object space 39936K, 12% used [0x00000000c0000000,0x00000000c04fac58,0x00000000c2700000)
 PSPermGen       total 21504K, used 5479K [0x00000000bae00000, 0x00000000bc300000, 0x00000000c0000000)
  object space 21504K, 25% used [0x00000000bae00000,0x00000000bb359c58,0x00000000bc300000)
}
Event: 6.811 GC heap before
{Heap before GC invocations=4 (full 0):
 PSYoungGen      total 17920K, used 17898K [0x00000000eaa80000, 0x00000000ecd80000, 0x0000000100000000)
  eden space 15360K, 100% used [0x00000000eaa80000,0x00000000eb980000,0x00000000eb980000)
  from space 2560K, 99% used [0x00000000eb980000,0x00000000ebbfaaa0,0x00000000ebc00000)
  to   space 2560K, 0% used [0x00000000ecb00000,0x00000000ecb00000,0x00000000ecd80000)
 ParOldGen       total 39936K, used 5099K [0x00000000c0000000, 0x00000000c2700000, 0x00000000eaa80000)
  object space 39936K, 12% used [0x00000000c0000000,0x00000000c04fac58,0x00000000c2700000)
 PSPermGen       total 21504K, used 5497K [0x00000000bae00000, 0x00000000bc300000, 0x00000000c0000000)
  object space 21504K, 25% used [0x00000000bae00000,0x00000000bb35e5a0,0x00000000bc300000)
Event: 6.838 GC heap after
Heap after GC invocations=4 (full 0):
 PSYoungGen      total 33280K, used 2551K [0x00000000eaa80000, 0x00000000ecd80000, 0x0000000100000000)
  eden space 30720K, 0% used [0x00000000eaa80000,0x00000000eaa80000,0x00000000ec880000)
  from space 2560K, 99% used [0x00000000ecb00000,0x00000000ecd7dd40,0x00000000ecd80000)
  to   space 2560K, 0% used [0x00000000ec880000,0x00000000ec880000,0x00000000ecb00000)
 ParOldGen       total 39936K, used 7359K [0x00000000c0000000, 0x00000000c2700000, 0x00000000eaa80000)
  object space 39936K, 18% used [0x00000000c0000000,0x00000000c072fd50,0x00000000c2700000)
 PSPermGen       total 21504K, used 5497K [0x00000000bae00000, 0x00000000bc300000, 0x00000000c0000000)
  object space 21504K, 25% used [0x00000000bae00000,0x00000000bb35e5a0,0x00000000bc300000)
}
Event: 8.757 GC heap before
{Heap before GC invocations=5 (full 0):
 PSYoungGen      total 33280K, used 33271K [0x00000000eaa80000, 0x00000000ecd80000, 0x0000000100000000)
  eden space 30720K, 100% used [0x00000000eaa80000,0x00000000ec880000,0x00000000ec880000)
  from space 2560K, 99% used [0x00000000ecb00000,0x00000000ecd7dd40,0x00000000ecd80000)
  to   space 2560K, 0% used [0x00000000ec880000,0x00000000ec880000,0x00000000ecb00000)
 ParOldGen       total 39936K, used 7359K [0x00000000c0000000, 0x00000000c2700000, 0x00000000eaa80000)
  object space 39936K, 18% used [0x00000000c0000000,0x00000000c072fd50,0x00000000c2700000)
 PSPermGen       total 21504K, used 5513K [0x00000000bae00000, 0x00000000bc300000, 0x00000000c0000000)
  object space 21504K, 25% used [0x00000000bae00000,0x00000000bb3625e0,0x00000000bc300000)
Event: 8.798 GC heap after
Heap after GC invocations=5 (full 0):
 PSYoungGen      total 33280K, used 2532K [0x00000000eaa80000, 0x00000000ef680000, 0x0000000100000000)
  eden space 30720K, 0% used [0x00000000eaa80000,0x00000000eaa80000,0x00000000ec880000)
  from space 2560K, 98% used [0x00000000ec880000,0x00000000ecaf92c0,0x00000000ecb00000)
  to   space 8192K, 0% used [0x00000000eee80000,0x00000000eee80000,0x00000000ef680000)
 ParOldGen       total 39936K, used 13592K [0x00000000c0000000, 0x00000000c2700000, 0x00000000eaa80000)
  object space 39936K, 34% used [0x00000000c0000000,0x00000000c0d46268,0x00000000c2700000)
 PSPermGen       total 21504K, used 5513K [0x00000000bae00000, 0x00000000bc300000, 0x00000000c0000000)
  object space 21504K, 25% used [0x00000000bae00000,0x00000000bb3625e0,0x00000000bc300000)
}
Event: 18.423 GC heap before
{Heap before GC invocations=6 (full 0):
 PSYoungGen      total 33280K, used 33252K [0x00000000eaa80000, 0x00000000ef680000, 0x0000000100000000)
  eden space 30720K, 100% used [0x00000000eaa80000,0x00000000ec880000,0x00000000ec880000)
  from space 2560K, 98% used [0x00000000ec880000,0x00000000ecaf92c0,0x00000000ecb00000)
  to   space 8192K, 0% used [0x00000000eee80000,0x00000000eee80000,0x00000000ef680000)
 ParOldGen       total 39936K, used 13592K [0x00000000c0000000, 0x00000000c2700000, 0x00000000eaa80000)
  object space 39936K, 34% used [0x00000000c0000000,0x00000000c0d46268,0x00000000c2700000)
 PSPermGen       total 21504K, used 5529K [0x00000000bae00000, 0x00000000bc300000, 0x00000000c0000000)
  object space 21504K, 25% used [0x00000000bae00000,0x00000000bb366768,0x00000000bc300000)
Event: 23.364 GC heap after
Heap after GC invocations=6 (full 0):
 PSYoungGen      total 68096K, used 8160K [0x00000000eaa80000, 0x00000000ef980000, 0x0000000100000000)
  eden space 59904K, 0% used [0x00000000eaa80000,0x00000000eaa80000,0x00000000ee500000)
  from space 8192K, 99% used [0x00000000eee80000,0x00000000ef678040,0x00000000ef680000)
  to   space 9728K, 0% used [0x00000000ee500000,0x00000000ee500000,0x00000000eee80000)
 ParOldGen       total 39936K, used 14526K [0x00000000c0000000, 0x00000000c2700000, 0x00000000eaa80000)
  object space 39936K, 36% used [0x00000000c0000000,0x00000000c0e2f980,0x00000000c2700000)
 PSPermGen       total 21504K, used 5529K [0x00000000bae00000, 0x00000000bc300000, 0x00000000c0000000)
  object space 21504K, 25% used [0x00000000bae00000,0x00000000bb366768,0x00000000bc300000)
}
Event: 31.430 GC heap before
{Heap before GC invocations=7 (full 0):
 PSYoungGen      total 68096K, used 68064K [0x00000000eaa80000, 0x00000000ef980000, 0x0000000100000000)
  eden space 59904K, 100% used [0x00000000eaa80000,0x00000000ee500000,0x00000000ee500000)
  from space 8192K, 99% used [0x00000000eee80000,0x00000000ef678040,0x00000000ef680000)
  to   space 9728K, 0% used [0x00000000ee500000,0x00000000ee500000,0x00000000eee80000)
 ParOldGen       total 39936K, used 14526K [0x00000000c0000000, 0x00000000c2700000, 0x00000000eaa80000)
  object space 39936K, 36% used [0x00000000c0000000,0x00000000c0e2f980,0x00000000c2700000)
 PSPermGen       total 21504K, used 5541K [0x00000000bae00000, 0x00000000bc300000, 0x00000000c0000000)
  object space 21504K, 25% used [0x00000000bae00000,0x00000000bb369770,0x00000000bc300000)

Deoptimization events (10 events):
Event: 16.391 Thread 0x00007fa04c00a000 Uncommon trap: reason=unstable_if action=reinterpret pc=0x00007fa04910210c method=com.android.dx.ssa.SCCP.simulateBranch(Lcom/android/dx/ssa/SsaInsn;)V @ 548
Event: 16.391 Thread 0x00007fa04c00a000 Uncommon trap: reason=unstable_if action=reinterpret pc=0x00007fa0490ef128 method=com.android.dx.ssa.SCCP.run()V @ 179
Event: 16.399 Thread 0x00007fa04c00a000 Uncommon trap: reason=null_check action=make_not_entrant pc=0x00007fa04914bc6c method=com.android.dx.cf.code.Ropper$CatchInfo.getSetup(Lcom/android/dx/rop/type/Type;)Lcom/android/dx/cf/code/Ropper$ExceptionHandlerSetup; @ 10
Event: 16.659 Thread 0x00007fa04c00a000 Uncommon trap: reason=unstable_if action=reinterpret pc=0x00007fa04913f2c0 method=com.android.dx.rop.code.DexTranslationAdvice.requiresSourcesInOrder(Lcom/android/dx/rop/code/Rop;Lcom/android/dx/rop/code/RegisterSpecList;)Z @ 21
Event: 16.659 Thread 0x00007fa04c00a000 Uncommon trap: reason=unstable_if action=reinterpret pc=0x00007fa04914258c method=com.android.dx.ssa.back.FirstFitLocalCombiningAllocator.spansParamRange(II)Z @ 15
Event: 18.198 Thread 0x00007fa04c00a000 Uncommon trap: reason=unstable_if action=reinterpret pc=0x00007fa04912e174 method=com.android.dx.rop.code.DexTranslationAdvice.requiresSourcesInOrder(Lcom/android/dx/rop/code/Rop;Lcom/android/dx/rop/code/RegisterSpecList;)Z @ 21
Event: 18.205 Thread 0x00007fa04c00a000 Uncommon trap: reason=unstable_if action=reinterpret pc=0x00007fa04916be98 method=com.android.dx.cf.code.BytecodeArray.parseInstruction(ILcom/android/dx/cf/code/BytecodeArray$Visitor;)I @ 1261
Event: 18.247 Thread 0x00007fa04c00a000 Uncommon trap: reason=class_check action=maybe_recompile pc=0x00007fa04908a974 method=com.android.dx.ssa.SCCP.setLatticeValueTo(IILcom/android/dx/rop/cst/Constant;)Z @ 43
Event: 28.684 Thread 0x00007fa04c00a000 Uncommon trap: reason=class_check action=maybe_recompile pc=0x00007fa0491be2ec method=com.android.dx.cf.code.RopperMachine.run(Lcom/android/dx/cf/code/Frame;II)V @ 310
Event: 29.116 Thread 0x00007fa04c00a000 Uncommon trap: reason=unstable_if action=reinterpret pc=0x00007fa049131fb0 method=com.android.dx.ssa.SsaBasicBlock.scheduleMovesFromPhis()V @ 63

Internal exceptions (10 events):
Event: 1.672 Thread 0x00007fa04c00a000 Threw 0x00000000eaa83f38 at /HUDSON/workspace/7u-2-build-linux-amd64/jdk7u80/2329/hotspot/src/share/vm/prims/jvm.cpp:1319
Event: 1.820 Thread 0x00007fa04c00a000 Threw 0x00000000eab4a7f8 at /HUDSON/workspace/7u-2-build-linux-amd64/jdk7u80/2329/hotspot/src/share/vm/prims/jvm.cpp:1319
Event: 1.829 Thread 0x00007fa04c00a000 Threw 0x00000000eab54588 at /HUDSON/workspace/7u-2-build-linux-amd64/jdk7u80/2329/hotspot/src/share/vm/prims/jvm.cpp:1319
Event: 1.830 Thread 0x00007fa04c00a000 Threw 0x00000000eab56780 at /HUDSON/workspace/7u-2-build-linux-amd64/jdk7u80/2329/hotspot/src/share/vm/prims/jvm.cpp:1319
Event: 2.653 Thread 0x00007fa04c00a000 Implicit null exception at 0x00007fa0490dc251 to 0x00007fa0490dd259
Event: 2.788 Thread 0x00007fa04c00a000 Implicit null exception at 0x00007fa049098492 to 0x00007fa049098583
Event: 4.802 Thread 0x00007fa04c00a000 Threw 0x00000000eb23ab70 at /HUDSON/workspace/7u-2-build-linux-amd64/jdk7u80/2329/hotspot/src/share/vm/prims/jvm.cpp:1319
Event: 6.239 Thread 0x00007fa04c00a000 Threw 0x00000000eb6f9848 at /HUDSON/workspace/7u-2-build-linux-amd64/jdk7u80/2329/hotspot/src/share/vm/prims/jvm.cpp:1319
Event: 7.915 Thread 0x00007fa04c00a000 Threw 0x00000000eb3dbda8 at /HUDSON/workspace/7u-2-build-linux-amd64/jdk7u80/2329/hotspot/src/share/vm/prims/jvm.cpp:1319
Event: 16.399 Thread 0x00007fa04c00a000 Implicit null exception at 0x00007fa049149cd5 to 0x00007fa04914bc61

Events (10 events):
Event: 18.247 Thread 0x00007fa04c00a000 DEOPT UNPACKING pc=0x00007fa049039045 sp=0x00007fa053c0cd28 mode 2
Event: 18.423 Executing VM operation: ParallelGCFailedAllocation
Event: 26.095 Executing VM operation: ParallelGCFailedAllocation done
Event: 28.684 Thread 0x00007fa04c00a000 Uncommon trap: trap_request=0xffffffde fr.pc=0x00007fa0491be2ec
Event: 28.684 Thread 0x00007fa04c00a000 DEOPT PACKING pc=0x00007fa0491be2ec sp=0x00007fa053c0ccb0
Event: 28.921 Thread 0x00007fa04c00a000 DEOPT UNPACKING pc=0x00007fa049039045 sp=0x00007fa053c0cc40 mode 2
Event: 29.116 Thread 0x00007fa04c00a000 Uncommon trap: trap_request=0xffffff75 fr.pc=0x00007fa049131fb0
Event: 29.116 Thread 0x00007fa04c00a000 DEOPT PACKING pc=0x00007fa049131fb0 sp=0x00007fa053c0cec0
Event: 29.260 Thread 0x00007fa04c00a000 DEOPT UNPACKING pc=0x00007fa049039045 sp=0x00007fa053c0ce40 mode 2
Event: 30.722 Executing VM operation: ParallelGCFailedAllocation


Dynamic libraries:
00400000-00401000 r-xp 00000000 08:07 931034                             /usr/lib/jvm/java-7-oracle/bin/java
00600000-00601000 rw-p 00000000 08:07 931034                             /usr/lib/jvm/java-7-oracle/bin/java
014ce000-014ef000 rw-p 00000000 00:00 0                                  [heap]
bae00000-bc300000 rw-p 00000000 00:00 0 
bc300000-c0000000 rw-p 00000000 00:00 0 
c0000000-c2700000 rw-p 00000000 00:00 0 
c2700000-eaa80000 rw-p 00000000 00:00 0 
eaa80000-ef980000 rw-p 00000000 00:00 0 
f3980000-100000000 rw-p 00000000 00:00 0 
7fa010000000-7fa010021000 rw-p 00000000 00:00 0 
7fa010021000-7fa014000000 ---p 00000000 00:00 0 
7fa014000000-7fa014021000 rw-p 00000000 00:00 0 
7fa014021000-7fa018000000 ---p 00000000 00:00 0 
7fa018000000-7fa018021000 rw-p 00000000 00:00 0 
7fa018021000-7fa01c000000 ---p 00000000 00:00 0 
7fa01c000000-7fa01c892000 rw-p 00000000 00:00 0 
7fa01c892000-7fa020000000 ---p 00000000 00:00 0 
7fa020000000-7fa020021000 rw-p 00000000 00:00 0 
7fa020021000-7fa024000000 ---p 00000000 00:00 0 
7fa024000000-7fa024dd9000 rw-p 00000000 00:00 0 
7fa024dd9000-7fa028000000 ---p 00000000 00:00 0 
7fa028000000-7fa0280e2000 rw-p 00000000 00:00 0 
7fa0280e2000-7fa02c000000 ---p 00000000 00:00 0 
7fa02c000000-7fa02c021000 rw-p 00000000 00:00 0 
7fa02c021000-7fa030000000 ---p 00000000 00:00 0 
7fa030000000-7fa030021000 rw-p 00000000 00:00 0 
7fa030021000-7fa034000000 ---p 00000000 00:00 0 
7fa034000000-7fa034021000 rw-p 00000000 00:00 0 
7fa034021000-7fa038000000 ---p 00000000 00:00 0 
7fa03c000000-7fa03c021000 rw-p 00000000 00:00 0 
7fa03c021000-7fa040000000 ---p 00000000 00:00 0 
7fa040e0a000-7fa040f77000 rw-p 00000000 00:00 0 
7fa040f77000-7fa040f8e000 r-xp 00000000 08:07 798352                     /usr/lib/jvm/java-7-oracle/jre/lib/amd64/libnet.so
7fa040f8e000-7fa04118d000 ---p 00017000 08:07 798352                     /usr/lib/jvm/java-7-oracle/jre/lib/amd64/libnet.so
7fa04118d000-7fa04118e000 rw-p 00016000 08:07 798352                     /usr/lib/jvm/java-7-oracle/jre/lib/amd64/libnet.so
7fa04118e000-7fa04119e000 r-xp 00000000 08:07 798378                     /usr/lib/jvm/java-7-oracle/jre/lib/amd64/libnio.so
7fa04119e000-7fa04139e000 ---p 00010000 08:07 798378                     /usr/lib/jvm/java-7-oracle/jre/lib/amd64/libnio.so
7fa04139e000-7fa04139f000 rw-p 00010000 08:07 798378                     /usr/lib/jvm/java-7-oracle/jre/lib/amd64/libnio.so
7fa04139f000-7fa0413a0000 ---p 00000000 00:00 0 
7fa0413a0000-7fa0414a0000 rw-p 00000000 00:00 0                          [stack:9327]
7fa0414a0000-7fa0414a3000 ---p 00000000 00:00 0 
7fa0414a3000-7fa0415a1000 rw-p 00000000 00:00 0                          [stack:9326]
7fa0415a1000-7fa0415a4000 ---p 00000000 00:00 0 
7fa0415a4000-7fa0416a2000 rw-p 00000000 00:00 0                          [stack:9325]
7fa0416a2000-7fa0416a5000 ---p 00000000 00:00 0 
7fa0416a5000-7fa0417a3000 rw-p 00000000 00:00 0                          [stack:9324]
7fa0417a3000-7fa0417a6000 ---p 00000000 00:00 0 
7fa0417a6000-7fa0418a4000 rw-p 00000000 00:00 0                          [stack:9323]
7fa0418a4000-7fa041b6e000 r--p 00000000 08:07 791874                     /usr/lib/locale/locale-archive
7fa041b6e000-7fa041b71000 ---p 00000000 00:00 0 
7fa041b71000-7fa041c6f000 rw-p 00000000 00:00 0                          [stack:9322]
7fa041c6f000-7fa041c72000 ---p 00000000 00:00 0 
7fa041c72000-7fa044000000 rw-p 00000000 00:00 0                          [stack:9321]
7fa044000000-7fa044021000 rw-p 00000000 00:00 0 
7fa044021000-7fa048000000 ---p 00000000 00:00 0 
7fa04803c000-7fa04806d000 rw-p 00000000 00:00 0 
7fa04806d000-7fa04806e000 ---p 00000000 00:00 0 
7fa04806e000-7fa049000000 rw-p 00000000 00:00 0                          [stack:9320]
7fa049000000-7fa049270000 rwxp 00000000 00:00 0 
7fa049270000-7fa04c1d3000 rw-p 00000000 00:00 0 
7fa04c1d3000-7fa050000000 ---p 00000000 00:00 0 
7fa050006000-7fa050173000 rw-p 00000000 00:00 0 
7fa050173000-7fa050333000 r--s 039fb000 08:07 798853                     /usr/lib/jvm/java-7-oracle/jre/lib/rt.jar
7fa050333000-7fa050655000 rw-p 00000000 00:00 0 
7fa050655000-7fa050656000 ---p 00000000 00:00 0 
7fa050656000-7fa050756000 rw-p 00000000 00:00 0                          [stack:9319]
7fa050756000-7fa050757000 ---p 00000000 00:00 0 
7fa050757000-7fa050857000 rw-p 00000000 00:00 0                          [stack:9318]
7fa050857000-7fa050858000 ---p 00000000 00:00 0 
7fa050858000-7fa050958000 rw-p 00000000 00:00 0                          [stack:9317]
7fa050958000-7fa050959000 ---p 00000000 00:00 0 
7fa050959000-7fa050a64000 rw-p 00000000 00:00 0                          [stack:9316]
7fa050a64000-7fa050a82000 rw-p 00000000 00:00 0 
7fa050a82000-7fa050a96000 rw-p 00000000 00:00 0 
7fa050a96000-7fa050bd8000 rw-p 00000000 00:00 0 
7fa050bd8000-7fa050be3000 rw-p 00000000 00:00 0 
7fa050be3000-7fa050c01000 rw-p 00000000 00:00 0 
7fa050c01000-7fa050c15000 rw-p 00000000 00:00 0 
7fa050c15000-7fa050d56000 rw-p 00000000 00:00 0 
7fa050d56000-7fa050d7e000 rw-p 00000000 00:00 0 
7fa050d7e000-7fa050e01000 rw-p 00000000 00:00 0 
7fa050e01000-7fa050e02000 rw-p 00000000 00:00 0 
7fa050e02000-7fa050e19000 r-xp 00000000 08:07 798371                     /usr/lib/jvm/java-7-oracle/jre/lib/amd64/libzip.so
7fa050e19000-7fa051019000 ---p 00017000 08:07 798371                     /usr/lib/jvm/java-7-oracle/jre/lib/amd64/libzip.so
7fa051019000-7fa05101a000 rw-p 00017000 08:07 798371                     /usr/lib/jvm/java-7-oracle/jre/lib/amd64/libzip.so
7fa05101a000-7fa051025000 r-xp 00000000 08:07 396117                     /lib/x86_64-linux-gnu/libnss_files-2.19.so
7fa051025000-7fa051224000 ---p 0000b000 08:07 396117                     /lib/x86_64-linux-gnu/libnss_files-2.19.so
7fa051224000-7fa051225000 r--p 0000a000 08:07 396117                     /lib/x86_64-linux-gnu/libnss_files-2.19.so
7fa051225000-7fa051226000 rw-p 0000b000 08:07 396117                     /lib/x86_64-linux-gnu/libnss_files-2.19.so
7fa051226000-7fa051231000 r-xp 00000000 08:07 396127                     /lib/x86_64-linux-gnu/libnss_nis-2.19.so
7fa051231000-7fa051430000 ---p 0000b000 08:07 396127                     /lib/x86_64-linux-gnu/libnss_nis-2.19.so
7fa051430000-7fa051431000 r--p 0000a000 08:07 396127                     /lib/x86_64-linux-gnu/libnss_nis-2.19.so
7fa051431000-7fa051432000 rw-p 0000b000 08:07 396127                     /lib/x86_64-linux-gnu/libnss_nis-2.19.so
7fa051432000-7fa051449000 r-xp 00000000 08:07 396111                     /lib/x86_64-linux-gnu/libnsl-2.19.so
7fa051449000-7fa051648000 ---p 00017000 08:07 396111                     /lib/x86_64-linux-gnu/libnsl-2.19.so
7fa051648000-7fa051649000 r--p 00016000 08:07 396111                     /lib/x86_64-linux-gnu/libnsl-2.19.so
7fa051649000-7fa05164a000 rw-p 00017000 08:07 396111                     /lib/x86_64-linux-gnu/libnsl-2.19.so
7fa05164a000-7fa05164c000 rw-p 00000000 00:00 0 
7fa05164c000-7fa051655000 r-xp 00000000 08:07 396113                     /lib/x86_64-linux-gnu/libnss_compat-2.19.so
7fa051655000-7fa051854000 ---p 00009000 08:07 396113                     /lib/x86_64-linux-gnu/libnss_compat-2.19.so
7fa051854000-7fa051855000 r--p 00008000 08:07 396113                     /lib/x86_64-linux-gnu/libnss_compat-2.19.so
7fa051855000-7fa051856000 rw-p 00009000 08:07 396113                     /lib/x86_64-linux-gnu/libnss_compat-2.19.so
7fa051856000-7fa05187f000 r-xp 00000000 08:07 798326                     /usr/lib/jvm/java-7-oracle/jre/lib/amd64/libjava.so
7fa05187f000-7fa051a7f000 ---p 00029000 08:07 798326                     /usr/lib/jvm/java-7-oracle/jre/lib/amd64/libjava.so
7fa051a7f000-7fa051a81000 rw-p 00029000 08:07 798326                     /usr/lib/jvm/java-7-oracle/jre/lib/amd64/libjava.so
7fa051a81000-7fa051a8e000 r-xp 00000000 08:07 798380                     /usr/lib/jvm/java-7-oracle/jre/lib/amd64/libverify.so
7fa051a8e000-7fa051c8d000 ---p 0000d000 08:07 798380                     /usr/lib/jvm/java-7-oracle/jre/lib/amd64/libverify.so
7fa051c8d000-7fa051c8f000 rw-p 0000c000 08:07 798380                     /usr/lib/jvm/java-7-oracle/jre/lib/amd64/libverify.so
7fa051c8f000-7fa051c96000 r-xp 00000000 08:07 396170                     /lib/x86_64-linux-gnu/librt-2.19.so
7fa051c96000-7fa051e95000 ---p 00007000 08:07 396170                     /lib/x86_64-linux-gnu/librt-2.19.so
7fa051e95000-7fa051e96000 r--p 00006000 08:07 396170                     /lib/x86_64-linux-gnu/librt-2.19.so
7fa051e96000-7fa051e97000 rw-p 00007000 08:07 396170                     /lib/x86_64-linux-gnu/librt-2.19.so
7fa051e97000-7fa051f9c000 r-xp 00000000 08:07 396092                     /lib/x86_64-linux-gnu/libm-2.19.so
7fa051f9c000-7fa05219b000 ---p 00105000 08:07 396092                     /lib/x86_64-linux-gnu/libm-2.19.so
7fa05219b000-7fa05219c000 r--p 00104000 08:07 396092                     /lib/x86_64-linux-gnu/libm-2.19.so
7fa05219c000-7fa05219d000 rw-p 00105000 08:07 396092                     /lib/x86_64-linux-gnu/libm-2.19.so
7fa05219d000-7fa052d13000 r-xp 00000000 08:07 798356                     /usr/lib/jvm/java-7-oracle/jre/lib/amd64/server/libjvm.so
7fa052d13000-7fa052f12000 ---p 00b76000 08:07 798356                     /usr/lib/jvm/java-7-oracle/jre/lib/amd64/server/libjvm.so
7fa052f12000-7fa052fd6000 rw-p 00b75000 08:07 798356                     /usr/lib/jvm/java-7-oracle/jre/lib/amd64/server/libjvm.so
7fa052fd6000-7fa053017000 rw-p 00000000 00:00 0 
7fa053017000-7fa0531d2000 r-xp 00000000 08:07 396042                     /lib/x86_64-linux-gnu/libc-2.19.so
7fa0531d2000-7fa0533d1000 ---p 001bb000 08:07 396042                     /lib/x86_64-linux-gnu/libc-2.19.so
7fa0533d1000-7fa0533d5000 r--p 001ba000 08:07 396042                     /lib/x86_64-linux-gnu/libc-2.19.so
7fa0533d5000-7fa0533d7000 rw-p 001be000 08:07 396042                     /lib/x86_64-linux-gnu/libc-2.19.so
7fa0533d7000-7fa0533dc000 rw-p 00000000 00:00 0 
7fa0533dc000-7fa0533df000 r-xp 00000000 08:07 396059                     /lib/x86_64-linux-gnu/libdl-2.19.so
7fa0533df000-7fa0535de000 ---p 00003000 08:07 396059                     /lib/x86_64-linux-gnu/libdl-2.19.so
7fa0535de000-7fa0535df000 r--p 00002000 08:07 396059                     /lib/x86_64-linux-gnu/libdl-2.19.so
7fa0535df000-7fa0535e0000 rw-p 00003000 08:07 396059                     /lib/x86_64-linux-gnu/libdl-2.19.so
7fa0535e0000-7fa0535f5000 r-xp 00000000 08:07 800163                     /usr/lib/jvm/java-7-oracle/lib/amd64/jli/libjli.so
7fa0535f5000-7fa0537f4000 ---p 00015000 08:07 800163                     /usr/lib/jvm/java-7-oracle/lib/amd64/jli/libjli.so
7fa0537f4000-7fa0537f5000 rw-p 00014000 08:07 800163                     /usr/lib/jvm/java-7-oracle/lib/amd64/jli/libjli.so
7fa0537f5000-7fa05380e000 r-xp 00000000 08:07 396162                     /lib/x86_64-linux-gnu/libpthread-2.19.so
7fa05380e000-7fa053a0d000 ---p 00019000 08:07 396162                     /lib/x86_64-linux-gnu/libpthread-2.19.so
7fa053a0d000-7fa053a0e000 r--p 00018000 08:07 396162                     /lib/x86_64-linux-gnu/libpthread-2.19.so
7fa053a0e000-7fa053a0f000 rw-p 00019000 08:07 396162                     /lib/x86_64-linux-gnu/libpthread-2.19.so
7fa053a0f000-7fa053a13000 rw-p 00000000 00:00 0 
7fa053a13000-7fa053a36000 r-xp 00000000 08:07 396018                     /lib/x86_64-linux-gnu/ld-2.19.so
7fa053a3a000-7fa053a3b000 rw-p 00000000 00:00 0 
7fa053a3b000-7fa053a3f000 r--s 00036000 08:08 5505736                    /home/linuxlite/.gradle/caches/modules-2/files-2.1/org.bytedeco/javacpp/0.11/255a55fca8f558bb2de0305b91048c59586c1de1/javacpp-0.11.jar
7fa053a3f000-7fa053a4e000 r--s 000dd000 08:08 4982830                    /home/linuxlite/core_tools/sdk/build-tools/22.0.1/lib/dx.jar
7fa053a4e000-7fa053a58000 rw-p 00000000 00:00 0 
7fa053a58000-7fa053b0e000 rw-p 00000000 00:00 0 
7fa053b0e000-7fa053b11000 ---p 00000000 00:00 0 
7fa053b11000-7fa053c29000 rw-p 00000000 00:00 0                          [stack:9313]
7fa053c29000-7fa053c31000 rw-s 00000000 08:07 1191642                    /tmp/hsperfdata_linuxlite/9312
7fa053c31000-7fa053c32000 rw-p 00000000 00:00 0 
7fa053c32000-7fa053c33000 ---p 00000000 00:00 0 
7fa053c33000-7fa053c35000 rw-p 00000000 00:00 0 
7fa053c35000-7fa053c36000 r--p 00022000 08:07 396018                     /lib/x86_64-linux-gnu/ld-2.19.so
7fa053c36000-7fa053c37000 rw-p 00023000 08:07 396018                     /lib/x86_64-linux-gnu/ld-2.19.so
7fa053c37000-7fa053c38000 rw-p 00000000 00:00 0 
7fff1b117000-7fff1b138000 rw-p 00000000 00:00 0                          [stack]
7fff1b1fe000-7fff1b200000 r-xp 00000000 00:00 0                          [vdso]
ffffffffff600000-ffffffffff601000 r-xp 00000000 00:00 0                  [vsyscall]

VM Arguments:
jvm_args: -Xmx1024M -Dfile.encoding=UTF-8 -Duser.country=US -Duser.language=en -Duser.variant 
java_command: com.android.dx.command.Main --dex --output /home/linuxlite/project1/IntelligentApp/app/build/intermediates/pre-dexed/debug/javacpp-0.11-b39fe6bd893e92957e4ab904e7ae0ad27e89e1ea.jar /home/linuxlite/.gradle/caches/modules-2/files-2.1/org.bytedeco/javacpp/0.11/255a55fca8f558bb2de0305b91048c59586c1de1/javacpp-0.11.jar
Launcher Type: SUN_STANDARD

Environment Variables:
PATH=/usr/local/sbin:/usr/local/bin:/usr/sbin:/usr/bin:/sbin:/bin:/usr/games:/usr/local/games:/usr/share/rvm/bin
LD_LIBRARY_PATH=/home/linuxlite/IDES/android-studio/bin:
SHELL=/bin/bash
DISPLAY=:0.0

Signal Handlers:
SIGSEGV: [libjvm.so+0x9a3b20], sa_mask[0]=0x7ffbfeff, sa_flags=0x10000004
SIGBUS: [libjvm.so+0x9a3b20], sa_mask[0]=0x7ffbfeff, sa_flags=0x10000004
SIGFPE: [libjvm.so+0x81e740], sa_mask[0]=0x7ffbfeff, sa_flags=0x10000004
SIGPIPE: [libjvm.so+0x81e740], sa_mask[0]=0x7ffbfeff, sa_flags=0x10000004
SIGXFSZ: [libjvm.so+0x81e740], sa_mask[0]=0x7ffbfeff, sa_flags=0x10000004
SIGILL: [libjvm.so+0x81e740], sa_mask[0]=0x7ffbfeff, sa_flags=0x10000004
SIGUSR1: SIG_DFL, sa_mask[0]=0x00000000, sa_flags=0x00000000
SIGUSR2: [libjvm.so+0x81ffb0], sa_mask[0]=0x00000004, sa_flags=0x10000004
SIGHUP: [libjvm.so+0x8210d0], sa_mask[0]=0x7ffbfeff, sa_flags=0x10000004
SIGINT: [libjvm.so+0x8210d0], sa_mask[0]=0x7ffbfeff, sa_flags=0x10000004
SIGTERM: [libjvm.so+0x8210d0], sa_mask[0]=0x7ffbfeff, sa_flags=0x10000004
SIGQUIT: [libjvm.so+0x8210d0], sa_mask[0]=0x7ffbfeff, sa_flags=0x10000004


---------------  S Y S T E M  ---------------

OS:jessie/sid

uname:Linux 3.13.0-24-generic #47-Ubuntu SMP Fri May 2 23:30:00 UTC 2014 x86_64
libc:glibc 2.19 NPTL 2.19 
rlimit: STACK 8192k, CORE 0k, NPROC 29806, NOFILE 4096, AS infinity
load average:25.69 12.26 6.10

/proc/meminfo:
MemTotal:        3844432 kB
MemFree:           96164 kB
Buffers:             328 kB
Cached:           253012 kB
SwapCached:         5696 kB
Active:          2587300 kB
Inactive:         951668 kB
Active(anon):    2576164 kB
Inactive(anon):   935600 kB
Active(file):      11136 kB
Inactive(file):    16068 kB
Unevictable:         116 kB
Mlocked:             116 kB
SwapTotal:       1954812 kB
SwapFree:            164 kB
Dirty:              3336 kB
Writeback:             0 kB
AnonPages:       3281568 kB
Mapped:            80688 kB
Shmem:            225588 kB
Slab:              70156 kB
SReclaimable:      29448 kB
SUnreclaim:        40708 kB
KernelStack:        6432 kB
PageTables:        69224 kB
NFS_Unstable:          0 kB
Bounce:                0 kB
WritebackTmp:          0 kB
CommitLimit:     3877028 kB
Committed_AS:   10942032 kB
VmallocTotal:   34359738367 kB
VmallocUsed:      544236 kB
VmallocChunk:   34359187932 kB
HardwareCorrupted:     0 kB
AnonHugePages:    962560 kB
HugePages_Total:       0
HugePages_Free:        0
HugePages_Rsvd:        0
HugePages_Surp:        0
Hugepagesize:       2048 kB
DirectMap4k:       80972 kB
DirectMap2M:     3907584 kB


CPU:total 4 (2 cores per cpu, 2 threads per core) family 6 model 37 stepping 5, cmov, cx8, fxsr, mmx, sse, sse2, sse3, ssse3, sse4.1, sse4.2, popcnt, ht, tsc, tscinvbit

/proc/cpuinfo:
processor	: 0
vendor_id	: GenuineIntel
cpu family	: 6
model		: 37
model name	: Intel(R) Core(TM) i3 CPU       M 370  @ 2.40GHz
stepping	: 5
microcode	: 0x2
cpu MHz		: 2394.000
cache size	: 3072 KB
physical id	: 0
siblings	: 4
core id		: 0
cpu cores	: 2
apicid		: 0
initial apicid	: 0
fpu		: yes
fpu_exception	: yes
cpuid level	: 11
wp		: yes
flags		: fpu vme de pse tsc msr pae mce cx8 apic sep mtrr pge mca cmov pat pse36 clflush dts acpi mmx fxsr sse sse2 ss ht tm pbe syscall nx rdtscp lm constant_tsc arch_perfmon pebs bts rep_good nopl xtopology nonstop_tsc aperfmperf pni dtes64 monitor ds_cpl vmx est tm2 ssse3 cx16 xtpr pdcm pcid sse4_1 sse4_2 popcnt lahf_lm arat dtherm tpr_shadow vnmi flexpriority ept vpid
bogomips	: 4787.47
clflush size	: 64
cache_alignment	: 64
address sizes	: 36 bits physical, 48 bits virtual
power management:

processor	: 1
vendor_id	: GenuineIntel
cpu family	: 6
model		: 37
model name	: Intel(R) Core(TM) i3 CPU       M 370  @ 2.40GHz
stepping	: 5
microcode	: 0x2
cpu MHz		: 2394.000
cache size	: 3072 KB
physical id	: 0
siblings	: 4
core id		: 2
cpu cores	: 2
apicid		: 4
initial apicid	: 4
fpu		: yes
fpu_exception	: yes
cpuid level	: 11
wp		: yes
flags		: fpu vme de pse tsc msr pae mce cx8 apic sep mtrr pge mca cmov pat pse36 clflush dts acpi mmx fxsr sse sse2 ss ht tm pbe syscall nx rdtscp lm constant_tsc arch_perfmon pebs bts rep_good nopl xtopology nonstop_tsc aperfmperf pni dtes64 monitor ds_cpl vmx est tm2 ssse3 cx16 xtpr pdcm pcid sse4_1 sse4_2 popcnt lahf_lm arat dtherm tpr_shadow vnmi flexpriority ept vpid
bogomips	: 4787.47
clflush size	: 64
cache_alignment	: 64
address sizes	: 36 bits physical, 48 bits virtual
power management:

processor	: 2
vendor_id	: GenuineIntel
cpu family	: 6
model		: 37
model name	: Intel(R) Core(TM) i3 CPU       M 370  @ 2.40GHz
stepping	: 5
microcode	: 0x2
cpu MHz		: 931.000
cache size	: 3072 KB
physical id	: 0
siblings	: 4
core id		: 0
cpu cores	: 2
apicid		: 1
initial apicid	: 1
fpu		: yes
fpu_exception	: yes
cpuid level	: 11
wp		: yes
flags		: fpu vme de pse tsc msr pae mce cx8 apic sep mtrr pge mca cmov pat pse36 clflush dts acpi mmx fxsr sse sse2 ss ht tm pbe syscall nx rdtscp lm constant_tsc arch_perfmon pebs bts rep_good nopl xtopology nonstop_tsc aperfmperf pni dtes64 monitor ds_cpl vmx est tm2 ssse3 cx16 xtpr pdcm pcid sse4_1 sse4_2 popcnt lahf_lm arat dtherm tpr_shadow vnmi flexpriority ept vpid
bogomips	: 4787.47
clflush size	: 64
cache_alignment	: 64
address sizes	: 36 bits physical, 48 bits virtual
power management:

processor	: 3
vendor_id	: GenuineIntel
cpu family	: 6
model		: 37
model name	: Intel(R) Core(TM) i3 CPU       M 370  @ 2.40GHz
stepping	: 5
microcode	: 0x2
cpu MHz		: 2394.000
cache size	: 3072 KB
physical id	: 0
siblings	: 4
core id		: 2
cpu cores	: 2
apicid		: 5
initial apicid	: 5
fpu		: yes
fpu_exception	: yes
cpuid level	: 11
wp		: yes
flags		: fpu vme de pse tsc msr pae mce cx8 apic sep mtrr pge mca cmov pat pse36 clflush dts acpi mmx fxsr sse sse2 ss ht tm pbe syscall nx rdtscp lm constant_tsc arch_perfmon pebs bts rep_good nopl xtopology nonstop_tsc aperfmperf pni dtes64 monitor ds_cpl vmx est tm2 ssse3 cx16 xtpr pdcm pcid sse4_1 sse4_2 popcnt lahf_lm arat dtherm tpr_shadow vnmi flexpriority ept vpid
bogomips	: 4787.47
clflush size	: 64
cache_alignment	: 64
address sizes	: 36 bits physical, 48 bits virtual
power management:



Memory: 4k page, physical 3844432k(96164k free), swap 1954812k(164k free)

vm_info: Java HotSpot(TM) 64-Bit Server VM (24.80-b11) for linux-amd64 JRE (1.7.0_80-b15), built on Apr 10 2015 19:53:14 by "java_re" with gcc 4.3.0 20080428 (Red Hat 4.3.0-8)

time: Wed Dec  2 15:50:08 2015
elapsed time: 64 seconds

